<?xml version="1.0" encoding="UTF-8"?>
<testsuite xmlns:xsi="http://www.w3.org/2001/XMLSchema-instance" xsi:noNamespaceSchemaLocation="https://maven.apache.org/surefire/maven-surefire-plugin/xsd/surefire-test-report-3.0.xsd" version="3.0" name="za.co.ctrltab.tx.TransactioningApplicationTests" time="0.248" tests="1" errors="0" skipped="0" failures="0">
  <properties>
[...]
</properties>
  <testcase name="contextLoads" classname="za.co.ctrltab.tx.TransactioningApplicationTests" time="0.001">
    <system-out><![CDATA[2024-02-23T09:29:07.404+02:00  INFO 81914 --- [           main] t.c.s.AnnotationConfigContextLoaderUtils : Could not detect default configuration classes for test class [za.co.ctrltab.tx.TransactioningApplicationTests]: TransactioningApplicationTests does not declare any static, non-private, non-final, nested classes annotated with @Configuration.
2024-02-23T09:29:07.408+02:00  INFO 81914 --- [           main] .b.t.c.SpringBootTestContextBootstrapper : Found @SpringBootConfiguration za.co.ctrltab.tx.TransactioningApplication for test class za.co.ctrltab.tx.TransactioningApplicationTests

  .   ____          _            __ _ _
 /\\ / ___'_ __ _ _(_)_ __  __ _ \ \ \ \
( ( )\___ | '_ | '_| | '_ \/ _` | \ \ \ \
 \\/  ___)| |_)| | | | | || (_| |  ) ) ) )
  '  |____| .__|_| |_|_| |_\__, | / / / /
 =========|_|==============|___/=/_/_/_/
 :: Spring Boot ::                (v3.2.2)

2024-02-23T09:29:07.423+02:00  INFO 81914 --- [           main] z.c.c.tx.TransactioningApplicationTests  : Starting TransactioningApplicationTests using Java 21.0.2 with PID 81914 (started by lesiba in /Users/lesiba/Code/practice-projects/transactioning)
2024-02-23T09:29:07.423+02:00  INFO 81914 --- [           main] z.c.c.tx.TransactioningApplicationTests  : The following 2 profiles are active: "test", "mock"
2024-02-23T09:29:07.481+02:00  INFO 81914 --- [           main] .s.d.r.c.RepositoryConfigurationDelegate : Bootstrapping Spring Data JPA repositories in DEFAULT mode.
2024-02-23T09:29:07.486+02:00  INFO 81914 --- [           main] .s.d.r.c.RepositoryConfigurationDelegate : Finished Spring Data repository scanning in 4 ms. Found 2 JPA repository interfaces.
2024-02-23T09:29:07.521+02:00  INFO 81914 --- [           main] com.zaxxer.hikari.HikariDataSource       : HikariPool-2 - Starting...
2024-02-23T09:29:07.521+02:00  INFO 81914 --- [           main] com.zaxxer.hikari.pool.HikariPool        : HikariPool-2 - Added connection conn10: url=jdbc:h2:mem:testdb user=SA
2024-02-23T09:29:07.521+02:00  INFO 81914 --- [           main] com.zaxxer.hikari.HikariDataSource       : HikariPool-2 - Start completed.
2024-02-23T09:29:07.524+02:00  INFO 81914 --- [           main] org.flywaydb.core.FlywayExecutor         : Database: jdbc:h2:mem:testdb (H2 2.2)
2024-02-23T09:29:07.524+02:00  WARN 81914 --- [           main] o.f.c.internal.database.base.Database    : Flyway upgrade recommended: H2 2.2.224 is newer than this version of Flyway and support has not been tested. The latest supported version of H2 is 2.2.220.
2024-02-23T09:29:07.528+02:00  INFO 81914 --- [           main] o.f.core.internal.command.DbValidate     : Successfully validated 2 migrations (execution time 00:00.001s)
2024-02-23T09:29:07.529+02:00  INFO 81914 --- [           main] o.f.core.internal.command.DbMigrate      : Current version of schema "PUBLIC": 1.1
2024-02-23T09:29:07.529+02:00  INFO 81914 --- [           main] o.f.core.internal.command.DbMigrate      : Schema "PUBLIC" is up to date. No migration necessary.
2024-02-23T09:29:07.535+02:00  INFO 81914 --- [           main] o.hibernate.jpa.internal.util.LogHelper  : HHH000204: Processing PersistenceUnitInfo [name: default]
2024-02-23T09:29:07.536+02:00  INFO 81914 --- [           main] o.h.c.internal.RegionFactoryInitiator    : HHH000026: Second-level cache disabled
2024-02-23T09:29:07.538+02:00  INFO 81914 --- [           main] o.s.o.j.p.SpringPersistenceUnitInfo      : No LoadTimeWeaver setup: ignoring JPA class transformer
2024-02-23T09:29:07.538+02:00  WARN 81914 --- [           main] org.hibernate.dialect.Dialect            : HHH000511: The 2.2.0 version for [org.hibernate.dialect.PostgreSQLDialect] is no longer supported, hence certain features may not work properly. The minimum supported version is 12.0.0. Check the community dialects project for available legacy versions.
2024-02-23T09:29:07.538+02:00  WARN 81914 --- [           main] org.hibernate.orm.deprecation            : HHH90000025: PostgreSQLDialect does not need to be specified explicitly using 'hibernate.dialect' (remove the property setting and it will be selected by default)
2024-02-23T09:29:07.562+02:00  INFO 81914 --- [           main] o.h.e.t.j.p.i.JtaPlatformInitiator       : HHH000489: No JTA platform available (set 'hibernate.transaction.jta.platform' to enable JTA platform integration)
2024-02-23T09:29:07.563+02:00  INFO 81914 --- [           main] j.LocalContainerEntityManagerFactoryBean : Initialized JPA EntityManagerFactory for persistence unit 'default'
2024-02-23T09:29:07.611+02:00  INFO 81914 --- [           main] o.s.s.web.DefaultSecurityFilterChain     : Will secure any request with [org.springframework.security.web.session.DisableEncodeUrlFilter@1bef1304, org.springframework.security.web.context.request.async.WebAsyncManagerIntegrationFilter@835718b, org.springframework.security.web.context.SecurityContextHolderFilter@b24e21f, org.springframework.security.web.header.HeaderWriterFilter@4235e01b, org.springframework.web.filter.CorsFilter@2e6dc94c, org.springframework.security.web.authentication.logout.LogoutFilter@480b785a, za.co.ctrltab.tx.configuration.security.JwtAuthenticationFilter@44faf689, org.springframework.security.web.savedrequest.RequestCacheAwareFilter@43e7ca6f, org.springframework.security.web.servletapi.SecurityContextHolderAwareRequestFilter@2e3fdf30, org.springframework.security.web.authentication.AnonymousAuthenticationFilter@6c39ba30, org.springframework.security.web.session.SessionManagementFilter@4ed096cc, org.springframework.security.web.access.ExceptionTranslationFilter@3c9e82a6, org.springframework.security.web.access.intercept.AuthorizationFilter@6554f841]
2024-02-23T09:29:07.648+02:00  INFO 81914 --- [           main] z.c.c.tx.TransactioningApplicationTests  : Started TransactioningApplicationTests in 0.238 seconds (process running for 3.576)
]]></system-out>
  </testcase>
</testsuite>